<?xml version="1.0" encoding="UTF-8"?>
<testsuite xmlns:xsi="http://www.w3.org/2001/XMLSchema-instance" xsi:noNamespaceSchemaLocation="https://maven.apache.org/surefire/maven-surefire-plugin/xsd/surefire-test-report-3.0.xsd" version="3.0" name="com.techworld.ProductService.ProductServiceApplicationTests" time="4.01" tests="1" errors="0" skipped="0" failures="0">
  <properties>
[...]
</properties>
  <testcase name="contextLoads" classname="com.techworld.ProductService.ProductServiceApplicationTests" time="0.346">
    <system-out><![CDATA[23:12:08.865 [main] INFO org.springframework.test.context.support.AnnotationConfigContextLoaderUtils -- Could not detect default configuration classes for test class [com.techworld.ProductService.ProductServiceApplicationTests]: ProductServiceApplicationTests does not declare any static, non-private, non-final, nested classes annotated with @Configuration.
23:12:08.926 [main] INFO org.springframework.boot.test.context.SpringBootTestContextBootstrapper -- Found @SpringBootConfiguration com.techworld.ProductService.ProductServiceApplication for test class com.techworld.ProductService.ProductServiceApplicationTests

  .   ____          _            __ _ _
 /\\ / ___'_ __ _ _(_)_ __  __ _ \ \ \ \
( ( )\___ | '_ | '_| | '_ \/ _` | \ \ \ \
 \\/  ___)| |_)| | | | | || (_| |  ) ) ) )
  '  |____| .__|_| |_|_| |_\__, | / / / /
 =========|_|==============|___/=/_/_/_/
 :: Spring Boot ::                (v3.1.4)

2023-10-12T23:12:09.188+06:00  INFO 30115 --- [           main] c.t.P.ProductServiceApplicationTests     : Starting ProductServiceApplicationTests using Java 17.0.8 with PID 30115 (started by root in /personal/cqrs/microservice_cqrs_pattern_demo)
2023-10-12T23:12:09.189+06:00  INFO 30115 --- [           main] c.t.P.ProductServiceApplicationTests     : No active profile set, falling back to 1 default profile: "default"
2023-10-12T23:12:09.250+06:00  WARN 30115 --- [           main] o.s.c.annotation.AnnotationTypeMapping   : Support for convention-based annotation attribute overrides is deprecated and will be removed in Spring Framework 6.2. Please annotate the following attributes in @org.axonframework.spring.stereotype.Aggregate with appropriate @AliasFor declarations: [type]
2023-10-12T23:12:09.253+06:00  WARN 30115 --- [           main] o.s.c.annotation.AnnotationTypeMapping   : Support for convention-based annotation attribute overrides is deprecated and will be removed in Spring Framework 6.2. Please annotate the following attributes in @org.axonframework.eventsourcing.EventSourcingHandler with appropriate @AliasFor declarations: [payloadType]
2023-10-12T23:12:09.254+06:00  WARN 30115 --- [           main] o.s.c.annotation.AnnotationTypeMapping   : Support for convention-based annotation attribute overrides is deprecated and will be removed in Spring Framework 6.2. Please annotate the following attributes in @org.axonframework.eventsourcing.EventSourcingHandler with appropriate @AliasFor declarations: [payloadType]
2023-10-12T23:12:09.264+06:00  WARN 30115 --- [           main] o.s.c.annotation.AnnotationTypeMapping   : Support for convention-based annotation attribute overrides is deprecated and will be removed in Spring Framework 6.2. Please annotate the following attributes in @org.axonframework.eventhandling.EventHandler with appropriate @AliasFor declarations: [payloadType]
2023-10-12T23:12:09.267+06:00  WARN 30115 --- [           main] o.s.c.annotation.AnnotationTypeMapping   : Support for convention-based annotation attribute overrides is deprecated and will be removed in Spring Framework 6.2. Please annotate the following attributes in @org.axonframework.messaging.interceptors.ExceptionHandler with appropriate @AliasFor declarations: [messageType, payloadType]
2023-10-12T23:12:09.267+06:00  WARN 30115 --- [           main] o.s.c.annotation.AnnotationTypeMapping   : Support for convention-based annotation attribute overrides is deprecated and will be removed in Spring Framework 6.2. Please annotate the following attributes in @org.axonframework.messaging.interceptors.ExceptionHandler with appropriate @AliasFor declarations: [resultType]
2023-10-12T23:12:09.267+06:00  WARN 30115 --- [           main] o.s.c.annotation.AnnotationTypeMapping   : Support for convention-based annotation attribute overrides is deprecated and will be removed in Spring Framework 6.2. Please annotate the following attributes in @org.axonframework.messaging.interceptors.ExceptionHandler with appropriate @AliasFor declarations: [messageType, payloadType]
2023-10-12T23:12:09.642+06:00  INFO 30115 --- [           main] .s.d.r.c.RepositoryConfigurationDelegate : Bootstrapping Spring Data JPA repositories in DEFAULT mode.
2023-10-12T23:12:09.696+06:00  INFO 30115 --- [           main] .s.d.r.c.RepositoryConfigurationDelegate : Finished Spring Data repository scanning in 49 ms. Found 1 JPA repository interfaces.
2023-10-12T23:12:09.965+06:00  WARN 30115 --- [           main] o.s.c.annotation.AnnotationTypeMapping   : Support for convention-based annotation attribute overrides is deprecated and will be removed in Spring Framework 6.2. Please annotate the following attributes in @org.axonframework.modelling.command.AggregateIdentifier with appropriate @AliasFor declarations: [routingKey]
2023-10-12T23:12:10.091+06:00  INFO 30115 --- [           main] o.hibernate.jpa.internal.util.LogHelper  : HHH000204: Processing PersistenceUnitInfo [name: default]
2023-10-12T23:12:10.118+06:00  INFO 30115 --- [           main] org.hibernate.Version                    : HHH000412: Hibernate ORM core version 6.2.9.Final
2023-10-12T23:12:10.119+06:00  INFO 30115 --- [           main] org.hibernate.cfg.Environment            : HHH000406: Using bytecode reflection optimizer
2023-10-12T23:12:10.200+06:00  INFO 30115 --- [           main] o.h.b.i.BytecodeProviderInitiator        : HHH000021: Bytecode provider name : bytebuddy
2023-10-12T23:12:10.276+06:00  INFO 30115 --- [           main] o.s.o.j.p.SpringPersistenceUnitInfo      : No LoadTimeWeaver setup: ignoring JPA class transformer
2023-10-12T23:12:10.286+06:00  INFO 30115 --- [           main] com.zaxxer.hikari.HikariDataSource       : HikariPool-1 - Starting...
2023-10-12T23:12:10.429+06:00  INFO 30115 --- [           main] com.zaxxer.hikari.pool.HikariPool        : HikariPool-1 - Added connection conn0: url=jdbc:h2:file:~/data/productDB user=SHARIF
2023-10-12T23:12:10.430+06:00  INFO 30115 --- [           main] com.zaxxer.hikari.HikariDataSource       : HikariPool-1 - Start completed.
2023-10-12T23:12:10.625+06:00  INFO 30115 --- [           main] o.h.b.i.BytecodeProviderInitiator        : HHH000021: Bytecode provider name : bytebuddy
2023-10-12T23:12:11.032+06:00  INFO 30115 --- [           main] o.h.e.t.j.p.i.JtaPlatformInitiator       : HHH000490: Using JtaPlatform implementation: [org.hibernate.engine.transaction.jta.platform.internal.NoJtaPlatform]
2023-10-12T23:12:11.055+06:00  INFO 30115 --- [           main] j.LocalContainerEntityManagerFactoryBean : Initialized JPA EntityManagerFactory for persistence unit 'default'
2023-10-12T23:12:11.133+06:00  INFO 30115 --- [           main] o.a.s.a.XStreamAutoConfiguration         : Initializing an XStream instance since none was found. The auto configuration base packages will be used as wildcards for the XStream security settings.
2023-10-12T23:12:11.253+06:00  INFO 30115 --- [           main] o.a.s.util.XStreamSecurityTypeUtility    : Constructing wildcard type for base package [com.techworld.ProductService].
2023-10-12T23:12:11.253+06:00  INFO 30115 --- [           main] o.a.s.util.XStreamSecurityTypeUtility    : Constructing wildcard type for base package [org.axonframework.eventhandling.tokenstore].
2023-10-12T23:12:11.253+06:00  INFO 30115 --- [           main] o.a.s.util.XStreamSecurityTypeUtility    : Constructing wildcard type for base package [org.axonframework.eventhandling.deadletter.jpa].
2023-10-12T23:12:11.253+06:00  INFO 30115 --- [           main] o.a.s.util.XStreamSecurityTypeUtility    : Constructing wildcard type for base package [org.axonframework.modelling.saga.repository.jpa].
2023-10-12T23:12:11.253+06:00  INFO 30115 --- [           main] o.a.s.util.XStreamSecurityTypeUtility    : Constructing wildcard type for base package [org.axonframework.eventsourcing.eventstore.jpa].
2023-10-12T23:12:11.265+06:00  INFO 30115 --- [           main] o.a.serialization.ChainingConverter      : ContentTypeConverter of type [class org.axonframework.serialization.xml.Dom4JToByteArrayConverter] is ignored. It seems to rely on a class that is not available in the class loader: org/dom4j/Document
2023-10-12T23:12:11.265+06:00  INFO 30115 --- [           main] o.a.serialization.ChainingConverter      : ContentTypeConverter of type [class org.axonframework.serialization.xml.InputStreamToDom4jConverter] is ignored. It seems to rely on a class that is not available in the class loader: org/dom4j/Document
2023-10-12T23:12:11.266+06:00  INFO 30115 --- [           main] o.a.serialization.ChainingConverter      : ContentTypeConverter of type [class org.axonframework.serialization.xml.XomToStringConverter] is ignored. It seems to rely on a class that is not available in the class loader: nu/xom/Document
2023-10-12T23:12:11.266+06:00  INFO 30115 --- [           main] o.a.serialization.ChainingConverter      : ContentTypeConverter of type [class org.axonframework.serialization.xml.InputStreamToXomConverter] is ignored. It seems to rely on a class that is not available in the class loader: nu/xom/ParsingException
2023-10-12T23:12:11.542+06:00  WARN 30115 --- [           main] JpaBaseConfiguration$JpaWebConfiguration : spring.jpa.open-in-view is enabled by default. Therefore, database queries may be performed during view rendering. Explicitly configure spring.jpa.open-in-view to disable this warning
2023-10-12T23:12:11.789+06:00  INFO 30115 --- [           main] o.s.b.a.h2.H2ConsoleAutoConfiguration    : H2 console available at '/h2-console'. Database available at 'jdbc:h2:file:~/data/productDB'
2023-10-12T23:12:11.991+06:00  INFO 30115 --- [           main] i.a.a.c.impl.AxonServerManagedChannel    : Requesting connection details from localhost:8124
2023-10-12T23:12:12.270+06:00  INFO 30115 --- [           main] i.a.a.c.impl.AxonServerManagedChannel    : Successfully connected to localhost:8124
2023-10-12T23:12:12.277+06:00  INFO 30115 --- [           main] i.a.a.connector.impl.ControlChannelImpl  : Connected instruction stream for context 'default'. Sending client identification
2023-10-12T23:12:12.289+06:00  INFO 30115 --- [           main] i.a.a.c.command.impl.CommandChannelImpl  : CommandChannel for context 'default' connected, 0 command handlers registered
2023-10-12T23:12:12.291+06:00  INFO 30115 --- [           main] i.a.a.c.command.impl.CommandChannelImpl  : Registered handler for command 'com.techworld.ProductService.command.api.commands.CreateProductCommand' in context 'default'
2023-10-12T23:12:12.319+06:00  INFO 30115 --- [           main] i.a.a.c.query.impl.QueryChannelImpl      : QueryChannel for context 'default' connected, 0 registrations resubscribed
2023-10-12T23:12:12.324+06:00  INFO 30115 --- [           main] i.a.a.c.query.impl.QueryChannelImpl      : Registered handler for query 'com.techworld.ProductService.query.api.queries.GetProductsQuery : java.util.List<com.techworld.ProductService.core.api.model.ProductRestModel>' in context 'default'
2023-10-12T23:12:12.413+06:00  INFO 30115 --- [           main] c.t.P.ProductServiceApplicationTests     : Started ProductServiceApplicationTests in 3.407 seconds (process running for 4.029)
2023-10-12T23:12:12.553+06:00  INFO 30115 --- [ssor[product]-0] o.a.e.TrackingEventProcessor             : Worker assigned to segment Segment[0/0] for processing
2023-10-12T23:12:12.568+06:00  INFO 30115 --- [ssor[product]-0] o.a.e.TrackingEventProcessor             : Using current Thread for last segment worker: TrackingSegmentWorker{processor=product, segment=Segment[0/0]}
2023-10-12T23:12:12.571+06:00  INFO 30115 --- [ssor[product]-0] o.a.e.TrackingEventProcessor             : Fetched token: IndexTrackingToken{globalIndex=6} for segment: Segment[0/0]
]]></system-out>
  </testcase>
</testsuite>